# JRE version: OpenJDK Runtime Environment Microsoft-10376486 (17.0.13+11) (build 17.0.13+11-LTS)
# Java VM: OpenJDK 64-Bit Server VM Microsoft-10376486 (17.0.13+11-LTS, mixed mode, sharing, tiered, compressed oops, compressed class ptrs, g1 gc, windows-amd64)
GC Precious Log:
 CPUs: 16 total, 16 available
 Memory: 16088M
 Large Page Support: Disabled
 NUMA Support: Disabled
 Compressed Oops: Enabled (32-bit)
 Heap Region Size: 1M
 Heap Min Capacity: 8M
 Heap Initial Capacity: 252M
 Heap Max Capacity: 2G
 Pre-touch: Disabled
 Parallel Workers: 13
 Concurrent Workers: 3
 Concurrent Refinement Workers: 13
 Periodic GC: Disabled
Heap:
 garbage-first heap   total 261120K, used 198560K [0x0000000080000000, 0x0000000100000000)
  region size 1024K, 47 young (48128K), 3 survivors (3072K)
 Metaspace       used 100068K, committed 101056K, reserved 557056K
  class space    used 13968K, committed 14464K, reserved 425984K
GC Heap History (20 events):
Event: 80.548 GC heap before
{Heap before GC invocations=49 (full 0):
 garbage-first heap   total 214016K, used 178688K [0x0000000080000000, 0x0000000100000000)
  region size 1024K, 62 young (63488K), 8 survivors (8192K)
 Metaspace       used 97523K, committed 98624K, reserved 557056K
  class space    used 13569K, committed 14080K, reserved 425984K
}
Event: 80.560 GC heap after
{Heap after GC invocations=50 (full 0):
 garbage-first heap   total 214016K, used 131814K [0x0000000080000000, 0x0000000100000000)
  region size 1024K, 8 young (8192K), 8 survivors (8192K)
 Metaspace       used 97523K, committed 98624K, reserved 557056K
  class space    used 13569K, committed 14080K, reserved 425984K
}
Event: 80.923 GC heap before
{Heap before GC invocations=50 (full 0):
 garbage-first heap   total 214016K, used 177894K [0x0000000080000000, 0x0000000100000000)
  region size 1024K, 54 young (55296K), 8 survivors (8192K)
 Metaspace       used 97523K, committed 98624K, reserved 557056K
  class space    used 13569K, committed 14080K, reserved 425984K
}
Event: 80.929 GC heap after
{Heap after GC invocations=51 (full 0):
 garbage-first heap   total 214016K, used 133342K [0x0000000080000000, 0x0000000100000000)
  region size 1024K, 4 young (4096K), 4 survivors (4096K)
 Metaspace       used 97523K, committed 98624K, reserved 557056K
  class space    used 13569K, committed 14080K, reserved 425984K
}
Event: 81.221 GC heap before
{Heap before GC invocations=51 (full 0):
 garbage-first heap   total 214016K, used 178398K [0x0000000080000000, 0x0000000100000000)
  region size 1024K, 49 young (50176K), 4 survivors (4096K)
 Metaspace       used 97525K, committed 98624K, reserved 557056K
  class space    used 13569K, committed 14080K, reserved 425984K
}
Event: 81.226 GC heap after
{Heap after GC invocations=52 (full 0):
 garbage-first heap   total 214016K, used 133873K [0x0000000080000000, 0x0000000100000000)
  region size 1024K, 5 young (5120K), 5 survivors (5120K)
 Metaspace       used 97525K, committed 98624K, reserved 557056K
  class space    used 13569K, committed 14080K, reserved 425984K
}
Event: 82.040 GC heap before
{Heap before GC invocations=52 (full 0):
 garbage-first heap   total 214016K, used 183025K [0x0000000080000000, 0x0000000100000000)
  region size 1024K, 50 young (51200K), 5 survivors (5120K)
 Metaspace       used 97976K, committed 99072K, reserved 557056K
  class space    used 13623K, committed 14144K, reserved 425984K
}
Event: 82.047 GC heap after
{Heap after GC invocations=53 (full 0):
 garbage-first heap   total 214016K, used 141834K [0x0000000080000000, 0x0000000100000000)
  region size 1024K, 7 young (7168K), 7 survivors (7168K)
 Metaspace       used 97976K, committed 99072K, reserved 557056K
  class space    used 13623K, committed 14144K, reserved 425984K
}
Event: 85.291 GC heap before
{Heap before GC invocations=53 (full 0):
 garbage-first heap   total 214016K, used 179722K [0x0000000080000000, 0x0000000100000000)
  region size 1024K, 44 young (45056K), 7 survivors (7168K)
 Metaspace       used 99222K, committed 100288K, reserved 557056K
  class space    used 13844K, committed 14336K, reserved 425984K
}
Event: 85.299 GC heap after
{Heap after GC invocations=54 (full 0):
 garbage-first heap   total 214016K, used 146893K [0x0000000080000000, 0x0000000100000000)
  region size 1024K, 6 young (6144K), 6 survivors (6144K)
 Metaspace       used 99222K, committed 100288K, reserved 557056K
  class space    used 13844K, committed 14336K, reserved 425984K
}
Event: 88.900 GC heap before
{Heap before GC invocations=54 (full 0):
 garbage-first heap   total 214016K, used 177613K [0x0000000080000000, 0x0000000100000000)
  region size 1024K, 37 young (37888K), 6 survivors (6144K)
 Metaspace       used 99239K, committed 100288K, reserved 557056K
  class space    used 13844K, committed 14336K, reserved 425984K
}
Event: 88.909 GC heap after
{Heap after GC invocations=55 (full 0):
 garbage-first heap   total 214016K, used 151519K [0x0000000080000000, 0x0000000100000000)
  region size 1024K, 5 young (5120K), 5 survivors (5120K)
 Metaspace       used 99239K, committed 100288K, reserved 557056K
  class space    used 13844K, committed 14336K, reserved 425984K
}
Event: 89.050 GC heap before
{Heap before GC invocations=55 (full 0):
 garbage-first heap   total 214016K, used 178143K [0x0000000080000000, 0x0000000100000000)
  region size 1024K, 32 young (32768K), 5 survivors (5120K)
 Metaspace       used 99239K, committed 100288K, reserved 557056K
  class space    used 13844K, committed 14336K, reserved 425984K
}
Event: 89.056 GC heap after
{Heap after GC invocations=56 (full 0):
 garbage-first heap   total 214016K, used 152976K [0x0000000080000000, 0x0000000100000000)
  region size 1024K, 4 young (4096K), 4 survivors (4096K)
 Metaspace       used 99239K, committed 100288K, reserved 557056K
  class space    used 13844K, committed 14336K, reserved 425984K
}
Event: 89.157 GC heap before
{Heap before GC invocations=56 (full 0):
 garbage-first heap   total 214016K, used 178576K [0x0000000080000000, 0x0000000100000000)
  region size 1024K, 30 young (30720K), 4 survivors (4096K)
 Metaspace       used 99239K, committed 100288K, reserved 557056K
  class space    used 13844K, committed 14336K, reserved 425984K
}
Event: 89.161 GC heap after
{Heap after GC invocations=57 (full 0):
 garbage-first heap   total 214016K, used 153587K [0x0000000080000000, 0x0000000100000000)
  region size 1024K, 4 young (4096K), 4 survivors (4096K)
 Metaspace       used 99239K, committed 100288K, reserved 557056K
  class space    used 13844K, committed 14336K, reserved 425984K
}
Event: 89.282 GC heap before
{Heap before GC invocations=57 (full 0):
 garbage-first heap   total 214016K, used 179187K [0x0000000080000000, 0x0000000100000000)
  region size 1024K, 30 young (30720K), 4 survivors (4096K)
 Metaspace       used 99239K, committed 100288K, reserved 557056K
  class space    used 13844K, committed 14336K, reserved 425984K
}
Event: 89.287 GC heap after
{Heap after GC invocations=58 (full 0):
 garbage-first heap   total 214016K, used 153915K [0x0000000080000000, 0x0000000100000000)
  region size 1024K, 3 young (3072K), 3 survivors (3072K)
 Metaspace       used 99239K, committed 100288K, reserved 557056K
  class space    used 13844K, committed 14336K, reserved 425984K
}
Event: 89.463 GC heap before
{Heap before GC invocations=58 (full 0):
 garbage-first heap   total 214016K, used 181563K [0x0000000080000000, 0x0000000100000000)
  region size 1024K, 31 young (31744K), 3 survivors (3072K)
 Metaspace       used 99239K, committed 100288K, reserved 557056K
  class space    used 13844K, committed 14336K, reserved 425984K
}
Event: 89.469 GC heap after
{Heap after GC invocations=59 (full 0):
 garbage-first heap   total 261120K, used 154528K [0x0000000080000000, 0x0000000100000000)
  region size 1024K, 3 young (3072K), 3 survivors (3072K)
 Metaspace       used 99239K, committed 100288K, reserved 557056K
  class space    used 13844K, committed 14336K, reserved 425984K
}

