# JRE version: OpenJDK Runtime Environment Microsoft-10376486 (17.0.13+11) (build 17.0.13+11-LTS)
# Java VM: OpenJDK 64-Bit Server VM Microsoft-10376486 (17.0.13+11-LTS, mixed mode, sharing, tiered, compressed oops, compressed class ptrs, g1 gc, windows-amd64)
GC Precious Log:
 CPUs: 16 total, 16 available
 Memory: 16088M
 Large Page Support: Disabled
 NUMA Support: Disabled
 Compressed Oops: Enabled (32-bit)
 Heap Region Size: 1M
 Heap Min Capacity: 8M
 Heap Initial Capacity: 252M
 Heap Max Capacity: 2G
 Pre-touch: Disabled
 Parallel Workers: 13
 Concurrent Workers: 3
 Concurrent Refinement Workers: 13
 Periodic GC: Disabled
Heap:
 garbage-first heap   total 92160K, used 67868K [0x0000000080000000, 0x0000000100000000)
  region size 1024K, 34 young (34816K), 3 survivors (3072K)
 Metaspace       used 42985K, committed 43456K, reserved 491520K
  class space    used 6113K, committed 6336K, reserved 425984K
GC Heap History (18 events):
Event: 0.651 GC heap before
{Heap before GC invocations=0 (full 0):
 garbage-first heap   total 258048K, used 22528K [0x0000000080000000, 0x0000000100000000)
  region size 1024K, 23 young (23552K), 0 survivors (0K)
 Metaspace       used 1097K, committed 1216K, reserved 491520K
  class space    used 72K, committed 128K, reserved 425984K
}
Event: 0.654 GC heap after
{Heap after GC invocations=1 (full 0):
 garbage-first heap   total 258048K, used 4131K [0x0000000080000000, 0x0000000100000000)
  region size 1024K, 3 young (3072K), 3 survivors (3072K)
 Metaspace       used 1097K, committed 1216K, reserved 491520K
  class space    used 72K, committed 128K, reserved 425984K
}
Event: 1.426 GC heap before
{Heap before GC invocations=1 (full 0):
 garbage-first heap   total 258048K, used 39971K [0x0000000080000000, 0x0000000100000000)
  region size 1024K, 34 young (34816K), 3 survivors (3072K)
 Metaspace       used 4439K, committed 4608K, reserved 491520K
  class space    used 542K, committed 640K, reserved 425984K
}
Event: 1.430 GC heap after
{Heap after GC invocations=2 (full 0):
 garbage-first heap   total 258048K, used 11859K [0x0000000080000000, 0x0000000100000000)
  region size 1024K, 4 young (4096K), 4 survivors (4096K)
 Metaspace       used 4439K, committed 4608K, reserved 491520K
  class space    used 542K, committed 640K, reserved 425984K
}
Event: 2.759 GC heap before
{Heap before GC invocations=2 (full 0):
 garbage-first heap   total 258048K, used 84563K [0x0000000080000000, 0x0000000100000000)
  region size 1024K, 73 young (74752K), 4 survivors (4096K)
 Metaspace       used 10198K, committed 10432K, reserved 491520K
  class space    used 1339K, committed 1472K, reserved 425984K
}
Event: 2.767 GC heap after
{Heap after GC invocations=3 (full 0):
 garbage-first heap   total 258048K, used 20275K [0x0000000080000000, 0x0000000100000000)
  region size 1024K, 10 young (10240K), 10 survivors (10240K)
 Metaspace       used 10198K, committed 10432K, reserved 491520K
  class space    used 1339K, committed 1472K, reserved 425984K
}
Event: 4.961 GC heap before
{Heap before GC invocations=3 (full 0):
 garbage-first heap   total 258048K, used 102195K [0x0000000080000000, 0x0000000100000000)
  region size 1024K, 92 young (94208K), 10 survivors (10240K)
 Metaspace       used 21203K, committed 21504K, reserved 491520K
  class space    used 3056K, committed 3200K, reserved 425984K
}
Event: 4.970 GC heap after
{Heap after GC invocations=4 (full 0):
 garbage-first heap   total 258048K, used 25014K [0x0000000080000000, 0x0000000100000000)
  region size 1024K, 12 young (12288K), 12 survivors (12288K)
 Metaspace       used 21203K, committed 21504K, reserved 491520K
  class space    used 3056K, committed 3200K, reserved 425984K
}
Event: 6.242 GC heap before
{Heap before GC invocations=5 (full 0):
 garbage-first heap   total 92160K, used 68022K [0x0000000080000000, 0x0000000100000000)
  region size 1024K, 54 young (55296K), 12 survivors (12288K)
 Metaspace       used 26048K, committed 26368K, reserved 491520K
  class space    used 3827K, committed 3968K, reserved 425984K
}
Event: 6.250 GC heap after
{Heap after GC invocations=6 (full 0):
 garbage-first heap   total 92160K, used 26845K [0x0000000080000000, 0x0000000100000000)
  region size 1024K, 3 young (3072K), 3 survivors (3072K)
 Metaspace       used 26048K, committed 26368K, reserved 491520K
  class space    used 3827K, committed 3968K, reserved 425984K
}
Event: 6.859 GC heap before
{Heap before GC invocations=6 (full 0):
 garbage-first heap   total 92160K, used 63709K [0x0000000080000000, 0x0000000100000000)
  region size 1024K, 40 young (40960K), 3 survivors (3072K)
 Metaspace       used 31910K, committed 32320K, reserved 491520K
  class space    used 4454K, committed 4608K, reserved 425984K
}
Event: 6.864 GC heap after
{Heap after GC invocations=7 (full 0):
 garbage-first heap   total 92160K, used 30763K [0x0000000080000000, 0x0000000100000000)
  region size 1024K, 5 young (5120K), 5 survivors (5120K)
 Metaspace       used 31910K, committed 32320K, reserved 491520K
  class space    used 4454K, committed 4608K, reserved 425984K
}
Event: 7.751 GC heap before
{Heap before GC invocations=7 (full 0):
 garbage-first heap   total 92160K, used 68651K [0x0000000080000000, 0x0000000100000000)
  region size 1024K, 39 young (39936K), 5 survivors (5120K)
 Metaspace       used 35594K, committed 35968K, reserved 491520K
  class space    used 4918K, committed 5120K, reserved 425984K
}
Event: 7.758 GC heap after
{Heap after GC invocations=8 (full 0):
 garbage-first heap   total 92160K, used 34488K [0x0000000080000000, 0x0000000100000000)
  region size 1024K, 4 young (4096K), 4 survivors (4096K)
 Metaspace       used 35594K, committed 35968K, reserved 491520K
  class space    used 4918K, committed 5120K, reserved 425984K
}
Event: 8.083 GC heap before
{Heap before GC invocations=9 (full 0):
 garbage-first heap   total 92160K, used 69304K [0x0000000080000000, 0x0000000100000000)
  region size 1024K, 38 young (38912K), 4 survivors (4096K)
 Metaspace       used 36820K, committed 37312K, reserved 491520K
  class space    used 5133K, committed 5376K, reserved 425984K
}
Event: 8.086 GC heap after
{Heap after GC invocations=10 (full 0):
 garbage-first heap   total 92160K, used 35340K [0x0000000080000000, 0x0000000100000000)
  region size 1024K, 1 young (1024K), 1 survivors (1024K)
 Metaspace       used 36820K, committed 37312K, reserved 491520K
  class space    used 5133K, committed 5376K, reserved 425984K
}
Event: 10.419 GC heap before
{Heap before GC invocations=10 (full 0):
 garbage-first heap   total 92160K, used 69132K [0x0000000080000000, 0x0000000100000000)
  region size 1024K, 35 young (35840K), 1 survivors (1024K)
 Metaspace       used 40186K, committed 40704K, reserved 491520K
  class space    used 5656K, committed 5888K, reserved 425984K
}
Event: 10.423 GC heap after
{Heap after GC invocations=11 (full 0):
 garbage-first heap   total 92160K, used 37148K [0x0000000080000000, 0x0000000100000000)
  region size 1024K, 3 young (3072K), 3 survivors (3072K)
 Metaspace       used 40186K, committed 40704K, reserved 491520K
  class space    used 5656K, committed 5888K, reserved 425984K
}

