# JRE version: OpenJDK Runtime Environment Microsoft-10376486 (17.0.13+11) (build 17.0.13+11-LTS)
# Java VM: OpenJDK 64-Bit Server VM Microsoft-10376486 (17.0.13+11-LTS, mixed mode, sharing, tiered, compressed oops, compressed class ptrs, g1 gc, windows-amd64)
GC Precious Log:
 CPUs: 16 total, 16 available
 Memory: 16088M
 Large Page Support: Disabled
 NUMA Support: Disabled
 Compressed Oops: Enabled (32-bit)
 Heap Region Size: 1M
 Heap Min Capacity: 8M
 Heap Initial Capacity: 252M
 Heap Max Capacity: 2G
 Pre-touch: Disabled
 Parallel Workers: 13
 Concurrent Workers: 3
 Concurrent Refinement Workers: 13
 Periodic GC: Disabled
Heap:
 garbage-first heap   total 327680K, used 184049K [0x0000000080000000, 0x0000000100000000)
  region size 1024K, 25 young (25600K), 7 survivors (7168K)
 Metaspace       used 101557K, committed 102720K, reserved 557056K
  class space    used 14110K, committed 14656K, reserved 425984K
GC Heap History (20 events):
Event: 78.711 GC heap before
{Heap before GC invocations=43 (full 0):
 garbage-first heap   total 208896K, used 173163K [0x0000000080000000, 0x0000000100000000)
  region size 1024K, 52 young (53248K), 8 survivors (8192K)
 Metaspace       used 97560K, committed 98560K, reserved 557056K
  class space    used 13566K, committed 14016K, reserved 425984K
}
Event: 78.718 GC heap after
{Heap after GC invocations=44 (full 0):
 garbage-first heap   total 208896K, used 130573K [0x0000000080000000, 0x0000000100000000)
  region size 1024K, 4 young (4096K), 4 survivors (4096K)
 Metaspace       used 97560K, committed 98560K, reserved 557056K
  class space    used 13566K, committed 14016K, reserved 425984K
}
Event: 78.967 GC heap before
{Heap before GC invocations=44 (full 0):
 garbage-first heap   total 208896K, used 174605K [0x0000000080000000, 0x0000000100000000)
  region size 1024K, 48 young (49152K), 4 survivors (4096K)
 Metaspace       used 97561K, committed 98560K, reserved 557056K
  class space    used 13566K, committed 14016K, reserved 425984K
}
Event: 78.973 GC heap after
{Heap after GC invocations=45 (full 0):
 garbage-first heap   total 208896K, used 131773K [0x0000000080000000, 0x0000000100000000)
  region size 1024K, 4 young (4096K), 4 survivors (4096K)
 Metaspace       used 97561K, committed 98560K, reserved 557056K
  class space    used 13566K, committed 14016K, reserved 425984K
}
Event: 79.164 GC heap before
{Heap before GC invocations=45 (full 0):
 garbage-first heap   total 208896K, used 173757K [0x0000000080000000, 0x0000000100000000)
  region size 1024K, 46 young (47104K), 4 survivors (4096K)
 Metaspace       used 97561K, committed 98560K, reserved 557056K
  class space    used 13566K, committed 14016K, reserved 425984K
}
Event: 79.169 GC heap after
{Heap after GC invocations=46 (full 0):
 garbage-first heap   total 208896K, used 132674K [0x0000000080000000, 0x0000000100000000)
  region size 1024K, 4 young (4096K), 4 survivors (4096K)
 Metaspace       used 97561K, committed 98560K, reserved 557056K
  class space    used 13566K, committed 14016K, reserved 425984K
}
Event: 80.842 GC heap before
{Heap before GC invocations=46 (full 0):
 garbage-first heap   total 208896K, used 178754K [0x0000000080000000, 0x0000000100000000)
  region size 1024K, 46 young (47104K), 4 survivors (4096K)
 Metaspace       used 98602K, committed 99648K, reserved 557056K
  class space    used 13735K, committed 14208K, reserved 425984K
}
Event: 80.850 GC heap after
{Heap after GC invocations=47 (full 0):
 garbage-first heap   total 208896K, used 142278K [0x0000000080000000, 0x0000000100000000)
  region size 1024K, 6 young (6144K), 6 survivors (6144K)
 Metaspace       used 98602K, committed 99648K, reserved 557056K
  class space    used 13735K, committed 14208K, reserved 425984K
}
Event: 83.387 GC heap before
{Heap before GC invocations=47 (full 0):
 garbage-first heap   total 208896K, used 171974K [0x0000000080000000, 0x0000000100000000)
  region size 1024K, 35 young (35840K), 6 survivors (6144K)
 Metaspace       used 99299K, committed 100352K, reserved 557056K
  class space    used 13841K, committed 14336K, reserved 425984K
}
Event: 83.395 GC heap after
{Heap after GC invocations=48 (full 0):
 garbage-first heap   total 208896K, used 146454K [0x0000000080000000, 0x0000000100000000)
  region size 1024K, 4 young (4096K), 4 survivors (4096K)
 Metaspace       used 99299K, committed 100352K, reserved 557056K
  class space    used 13841K, committed 14336K, reserved 425984K
}
Event: 85.159 GC heap before
{Heap before GC invocations=49 (full 0):
 garbage-first heap   total 249856K, used 168982K [0x0000000080000000, 0x0000000100000000)
  region size 1024K, 27 young (27648K), 4 survivors (4096K)
 Metaspace       used 99302K, committed 100352K, reserved 557056K
  class space    used 13841K, committed 14336K, reserved 425984K
}
Event: 85.167 GC heap after
{Heap after GC invocations=50 (full 0):
 garbage-first heap   total 249856K, used 150226K [0x0000000080000000, 0x0000000100000000)
  region size 1024K, 4 young (4096K), 4 survivors (4096K)
 Metaspace       used 99302K, committed 100352K, reserved 557056K
  class space    used 13841K, committed 14336K, reserved 425984K
}
Event: 85.214 GC heap before
{Heap before GC invocations=50 (full 0):
 garbage-first heap   total 249856K, used 158418K [0x0000000080000000, 0x0000000100000000)
  region size 1024K, 12 young (12288K), 4 survivors (4096K)
 Metaspace       used 99302K, committed 100352K, reserved 557056K
  class space    used 13841K, committed 14336K, reserved 425984K
}
Event: 85.220 GC heap after
{Heap after GC invocations=51 (full 0):
 garbage-first heap   total 249856K, used 146948K [0x0000000080000000, 0x0000000100000000)
  region size 1024K, 2 young (2048K), 2 survivors (2048K)
 Metaspace       used 99302K, committed 100352K, reserved 557056K
  class space    used 13841K, committed 14336K, reserved 425984K
}
Event: 85.530 GC heap before
{Heap before GC invocations=51 (full 0):
 garbage-first heap   total 249856K, used 205316K [0x0000000080000000, 0x0000000100000000)
  region size 1024K, 60 young (61440K), 2 survivors (2048K)
 Metaspace       used 99302K, committed 100352K, reserved 557056K
  class space    used 13841K, committed 14336K, reserved 425984K
}
Event: 85.536 GC heap after
{Heap after GC invocations=52 (full 0):
 garbage-first heap   total 327680K, used 148781K [0x0000000080000000, 0x0000000100000000)
  region size 1024K, 4 young (4096K), 4 survivors (4096K)
 Metaspace       used 99302K, committed 100352K, reserved 557056K
  class space    used 13841K, committed 14336K, reserved 425984K
}
Event: 90.685 GC heap before
{Heap before GC invocations=52 (full 0):
 garbage-first heap   total 327680K, used 269613K [0x0000000080000000, 0x0000000100000000)
  region size 1024K, 122 young (124928K), 4 survivors (4096K)
 Metaspace       used 101503K, committed 102656K, reserved 557056K
  class space    used 14107K, committed 14656K, reserved 425984K
}
Event: 90.696 GC heap after
{Heap after GC invocations=53 (full 0):
 garbage-first heap   total 327680K, used 161024K [0x0000000080000000, 0x0000000100000000)
  region size 1024K, 15 young (15360K), 15 survivors (15360K)
 Metaspace       used 101503K, committed 102656K, reserved 557056K
  class space    used 14107K, committed 14656K, reserved 425984K
}
Event: 91.759 GC heap before
{Heap before GC invocations=53 (full 0):
 garbage-first heap   total 327680K, used 264448K [0x0000000080000000, 0x0000000100000000)
  region size 1024K, 117 young (119808K), 15 survivors (15360K)
 Metaspace       used 101504K, committed 102656K, reserved 557056K
  class space    used 14107K, committed 14656K, reserved 425984K
}
Event: 91.773 GC heap after
{Heap after GC invocations=54 (full 0):
 garbage-first heap   total 327680K, used 166641K [0x0000000080000000, 0x0000000100000000)
  region size 1024K, 7 young (7168K), 7 survivors (7168K)
 Metaspace       used 101504K, committed 102656K, reserved 557056K
  class space    used 14107K, committed 14656K, reserved 425984K
}

